<?xml version="1.0" encoding="UTF-8"?>
<!-- Generated by org.testng.reporters.JUnitReportReporter -->
<testsuite hostname="GB-OlasopeO" failures="0" tests="1" name="DropDown" time="9.797" errors="0" timestamp="2021-12-13T19:47:02 GMT" skipped="0">
  <testcase classname="DropDown" name="dropDowns" time="9.797"/>
  <system-out/>
</testsuite> <!-- DropDown -->
