<?xml version="1.0" encoding="UTF-8"?>
<!-- Generated by org.testng.reporters.JUnitReportReporter -->
<testsuite hostname="GB-OlasopeO" failures="0" tests="3" name="AuthForm" time="23.319" errors="0" timestamp="2021-12-13T11:21:56 GMT" skipped="0">
  <testcase classname="AuthForm" name="validcredentials" time="6.545"/>
  <system-out/>
  <testcase classname="AuthForm" name="invalidUsername" time="7.034"/>
  <system-out/>
  <testcase classname="AuthForm" name="invalidPassword" time="9.740"/>
  <system-out/>
</testsuite> <!-- AuthForm -->
