<?xml version="1.0" encoding="UTF-8"?>
<!-- Generated by org.testng.reporters.JUnitReportReporter -->
<testsuite hostname="GB-OlasopeO" failures="0" tests="1" name="testingQ" time="9.730" errors="0" timestamp="2021-12-11T18:38:08 GMT" skipped="0">
  <testcase classname="testingQ" name="quicktest" time="9.730"/>
  <system-out/>
</testsuite> <!-- testingQ -->
